<?xml version="1.0" encoding="utf-8"?><testsuites name="pytest tests"><testsuite name="pytest" errors="0" failures="0" skipped="0" tests="5" time="1.580" timestamp="2026-06-25T13:43:23.399154+00:00" hostname="agent-env-cd4485c9-cef7-4435-9582-db48a2a02868"><testcase classname="tests.test_payment_handle_cleaning.TestProfileUpdateAndPublicRead" name="test_put_profile_cleans_dirty_handles_and_public_endpoint_returns_clean" time="0.663" /><testcase classname="tests.test_payment_handle_cleaning.TestInternalCharsPreserved" name="test_internal_space_and_internal_at_preserved" time="0.156" /><testcase classname="tests.test_payment_handle_cleaning.TestEmptyAfterStripBecomesNull" name="test_handles_become_null_when_only_sigil" time="0.160" /><testcase classname="tests.test_payment_handle_cleaning.TestCreateProfileCleansHandles" name="test_post_profile_cleans_handles" time="0.181" /><testcase classname="tests.test_payment_handle_cleaning.TestEventHandleCleaning" name="test_post_and_put_event_clean_handles" time="0.284" /></testsuite></testsuites>