<?xml version="1.0" encoding="utf-8"?><testsuites name="pytest tests"><testsuite name="pytest" errors="0" failures="0" skipped="0" tests="5" time="2.478" timestamp="2026-08-12T19:59:10.968883+00:00" hostname="agent-env-6fb52281-b18f-4981-9cfe-cc40d5cf4eee"><testcase classname="tests.test_playlist_self_healing.TestPlaylistSelfHealing" name="test_create_playlist_with_only_valid_songs" time="1.049" /><testcase classname="tests.test_playlist_self_healing.TestPlaylistSelfHealing" name="test_create_playlist_with_mix_valid_and_stale" time="0.146" /><testcase classname="tests.test_playlist_self_healing.TestPlaylistSelfHealing" name="test_update_playlist_add_valid_song_succeeds" time="0.294" /><testcase classname="tests.test_playlist_self_healing.TestPlaylistSelfHealing" name="test_update_playlist_with_stale_id_is_filtered" time="0.311" /><testcase classname="tests.test_playlist_self_healing.TestPlaylistSelfHealing" name="test_update_playlist_all_valid_stores_all" time="0.546" /></testsuite></testsuites>