<?xml version="1.0" encoding="utf-8"?><testsuites name="pytest tests"><testsuite name="pytest" errors="0" failures="0" skipped="0" tests="19" time="22.007" timestamp="2026-05-18T22:45:40.958722+00:00" hostname="agent-env-2920c255-5c68-4fc1-8f12-903bfa9f44c8"><testcase classname="tests.test_admin_panel.TestAdminLogin" name="test_wrong_password_returns_401" time="0.136" /><testcase classname="tests.test_admin_panel.TestAdminLogin" name="test_empty_password_returns_401" time="0.133" /><testcase classname="tests.test_admin_panel.TestAdminLogin" name="test_correct_password_returns_token" time="0.102" /><testcase classname="tests.test_admin_panel.TestAdminListUsers" name="test_no_auth_returns_401_or_403" time="0.104" /><testcase classname="tests.test_admin_panel.TestAdminListUsers" name="test_musician_token_rejected" time="0.526" /><testcase classname="tests.test_admin_panel.TestAdminListUsers" name="test_admin_returns_users_with_counts" time="2.007" /><testcase classname="tests.test_admin_panel.TestAdminUserDetail" name="test_no_auth" time="0.176" /><testcase classname="tests.test_admin_panel.TestAdminUserDetail" name="test_unknown_id_404" time="0.089" /><testcase classname="tests.test_admin_panel.TestAdminUserDetail" name="test_valid_id_returns_structure" time="0.105" /><testcase classname="tests.test_admin_panel.TestAdminUserRequests" name="test_no_auth" time="0.097" /><testcase classname="tests.test_admin_panel.TestAdminUserRequests" name="test_unassigned_filter" time="0.147" /><testcase classname="tests.test_admin_panel.TestAdminUserRequests" name="test_specific_show_filter" time="0.335" /><testcase classname="tests.test_admin_panel.TestAdminBulkActions" name="test_reassign_no_auth" time="0.081" /><testcase classname="tests.test_admin_panel.TestAdminBulkActions" name="test_reassign_empty_ids_400" time="5.170" /><testcase classname="tests.test_admin_panel.TestAdminBulkActions" name="test_reassign_missing_show_id_400" time="0.117" /><testcase classname="tests.test_admin_panel.TestAdminBulkActions" name="test_reassign_unknown_show_404" time="8.090" /><testcase classname="tests.test_admin_panel.TestAdminBulkActions" name="test_reassign_then_delete_full_flow" time="0.547" /><testcase classname="tests.test_admin_panel.TestAdminBulkActions" name="test_delete_no_auth" time="0.128" /><testcase classname="tests.test_admin_panel.TestAdminBulkActions" name="test_delete_empty_ids_400" time="3.765" /></testsuite></testsuites>