<?xml version="1.0" encoding="utf-8"?><testsuites name="pytest tests"><testsuite name="pytest" errors="0" failures="0" skipped="0" tests="5" time="2.474" timestamp="2026-06-26T18:51:44.359216+00:00" hostname="agent-env-cd4485c9-cef7-4435-9582-db48a2a02868"><testcase classname="tests.test_zelle_public_derivation.TestZelleDerivation" name="test_zelle_info_email" time="1.036" /><testcase classname="tests.test_zelle_public_derivation.TestZelleDerivation" name="test_zelle_info_phone" time="0.304" /><testcase classname="tests.test_zelle_public_derivation.TestZelleDerivation" name="test_zelle_info_whitespace_stripped" time="0.334" /><testcase classname="tests.test_zelle_public_derivation.TestZelleDerivation" name="test_zelle_info_empty_falls_back_to_master" time="0.377" /><testcase classname="tests.test_zelle_public_derivation.TestZelleDerivation" name="test_other_payment_handles_intact" time="0.301" /></testsuite></testsuites>