<?xml version="1.0" encoding="utf-8"?><testsuites name="pytest tests"><testsuite name="pytest" errors="0" failures="0" skipped="0" tests="5" time="2.701" timestamp="2026-05-14T22:38:55.273952+00:00" hostname="agent-env-4f147982-4c64-4d10-b951-3f07cb71b633"><testcase classname="tests.test_requests_this_show.TestRequestsThisShowFieldPresence" name="test_field_present_on_auth_songs" time="0.802" /><testcase classname="tests.test_requests_this_show.TestRequestsThisShowFieldPresence" name="test_field_present_on_public_songs" time="0.222" /><testcase classname="tests.test_requests_this_show.TestZeroWhenNoActiveShow" name="test_auth_songs_all_zero" time="0.155" /><testcase classname="tests.test_requests_this_show.TestZeroWhenNoActiveShow" name="test_public_songs_all_zero" time="0.199" /><testcase classname="tests.test_requests_this_show.TestEndToEndShowScopedCount" name="test_full_flow" time="1.210" /></testsuite></testsuites>