<?xml version="1.0" encoding="utf-8"?><testsuites name="pytest tests"><testsuite name="pytest" errors="0" failures="0" skipped="0" tests="5" time="4.571" timestamp="2026-05-15T17:04:55.926252+00:00" hostname="agent-env-4f147982-4c64-4d10-b951-3f07cb71b633"><testcase classname="tests.test_requests_tab_per_profile_shows.TestStartShowScoping" name="test_start_show_defaults_to_default_profile" time="1.092" /><testcase classname="tests.test_requests_tab_per_profile_shows.TestStartShowScoping" name="test_start_show_with_profile_id_scopes_to_that_profile" time="0.684" /><testcase classname="tests.test_requests_tab_per_profile_shows.TestStartShowScoping" name="test_start_show_with_event_id_takes_precedence" time="0.886" /><testcase classname="tests.test_requests_tab_per_profile_shows.TestPerProfileStop" name="test_stop_only_target_profile_keeps_others_active" time="0.922" /><testcase classname="tests.test_requests_tab_per_profile_shows.TestPerProfileStop" name="test_stop_without_payload_defaults_to_default_profile" time="0.842" /></testsuite></testsuites>