<?xml version="1.0" encoding="utf-8"?><testsuites name="pytest tests"><testsuite name="pytest" errors="0" failures="0" skipped="0" tests="6" time="3.264" timestamp="2026-05-15T17:39:34.544113+00:00" hostname="agent-env-4f147982-4c64-4d10-b951-3f07cb71b633"><testcase classname="tests.test_unique_show_count_popularity.TestUniqueShowCountFields" name="test_get_songs_includes_unique_show_count" time="1.792" /><testcase classname="tests.test_unique_show_count_popularity.TestUniqueShowCountFields" name="test_get_songs_popularity_sort_orders_by_unique_show_count" time="0.148" /><testcase classname="tests.test_unique_show_count_popularity.TestUniqueShowCountFields" name="test_get_songs_popularity_not_by_request_count" time="0.090" /><testcase classname="tests.test_unique_show_count_popularity.TestUniqueShowCountFields" name="test_public_musician_songs_includes_unique_show_count" time="0.192" /><testcase classname="tests.test_unique_show_count_popularity.TestAnalyticsTopSongs" name="test_analytics_daily_top_songs_ranked_by_unique_shows" time="0.105" /><testcase classname="tests.test_unique_show_count_popularity.TestRegression" name="test_request_count_still_increments" time="0.803" /></testsuite></testsuites>