<?xml version="1.0" encoding="utf-8"?><testsuites name="pytest tests"><testsuite name="pytest" errors="0" failures="0" skipped="0" tests="20" time="5.463" timestamp="2026-05-06T23:12:21.401833+00:00" hostname="agent-env-6801f130-e314-46dc-9b5d-b93da2bf1999"><testcase classname="tests.test_multi_profile_system.TestProfileCRUD" name="test_create_profile_success" time="0.830" /><testcase classname="tests.test_multi_profile_system.TestProfileCRUD" name="test_create_profile_slug_validation_uppercase" time="0.102" /><testcase classname="tests.test_multi_profile_system.TestProfileCRUD" name="test_create_profile_slug_validation_special_chars" time="0.152" /><testcase classname="tests.test_multi_profile_system.TestProfileCRUD" name="test_create_profile_slug_validation_too_short" time="0.120" /><testcase classname="tests.test_multi_profile_system.TestProfileCRUD" name="test_create_profile_duplicate_slug" time="0.231" /><testcase classname="tests.test_multi_profile_system.TestProfileCRUD" name="test_get_profiles_list" time="0.120" /><testcase classname="tests.test_multi_profile_system.TestProfileCRUD" name="test_update_profile" time="0.223" /><testcase classname="tests.test_multi_profile_system.TestProfileCRUD" name="test_update_profile_slug_uniqueness" time="0.459" /><testcase classname="tests.test_multi_profile_system.TestProfileCRUD" name="test_delete_profile_not_found" time="0.100" /><testcase classname="tests.test_multi_profile_system.TestProfileCRUD" name="test_update_profile_not_found" time="0.162" /><testcase classname="tests.test_multi_profile_system.TestPublicProfileResolution" name="test_resolve_musician_slug" time="0.103" /><testcase classname="tests.test_multi_profile_system.TestPublicProfileResolution" name="test_resolve_unknown_slug" time="0.111" /><testcase classname="tests.test_multi_profile_system.TestPublicProfileResolution" name="test_get_musician_by_profile_existing" time="0.220" /><testcase classname="tests.test_multi_profile_system.TestPublicProfileResolution" name="test_get_musician_by_profile_not_found_musician" time="0.107" /><testcase classname="tests.test_multi_profile_system.TestPublicProfileResolution" name="test_get_musician_by_profile_not_found_profile" time="0.101" /><testcase classname="tests.test_multi_profile_system.TestRequestWithProfile" name="test_submit_request_with_profile_slug" time="0.340" /><testcase classname="tests.test_multi_profile_system.TestDeleteProfileRestriction" name="test_cannot_delete_only_profile" time="0.947" /><testcase classname="tests.test_multi_profile_system.TestDeleteProfileRestriction" name="test_can_delete_when_multiple_profiles" time="0.674" /><testcase classname="tests.test_multi_profile_system.TestExistingMusicianRoute" name="test_existing_musician_route_works" time="0.128" /><testcase classname="tests.test_multi_profile_system.TestExistingMusicianRoute" name="test_existing_songs_route_works" time="0.108" /></testsuite></testsuites>