<?xml version="1.0" encoding="utf-8"?><testsuites name="pytest tests"><testsuite name="pytest" errors="0" failures="0" skipped="0" tests="12" time="6.404" timestamp="2026-05-07T18:09:24.338928+00:00" hostname="agent-env-6801f130-e314-46dc-9b5d-b93da2bf1999"><testcase classname="tests.test_design_profile_features.TestDesignProfileFeatures" name="test_profile_design_fields_in_create" time="0.579" /><testcase classname="tests.test_design_profile_features.TestDesignProfileFeatures" name="test_profile_public_endpoint_includes_design_settings" time="0.543" /><testcase classname="tests.test_design_profile_features.TestDesignProfileFeatures" name="test_design_endpoint_returns_default_profile_settings" time="0.478" /><testcase classname="tests.test_design_profile_features.TestDesignProfileFeatures" name="test_profile_design_overrides_global" time="0.687" /><testcase classname="tests.test_design_profile_features.TestDesignProfileFeatures" name="test_regression_master_url_works" time="0.470" /><testcase classname="tests.test_design_profile_features.TestDesignProfileFeatures" name="test_regression_profile_overrides_work" time="0.611" /><testcase classname="tests.test_design_profile_features.TestDesignProfileFeatures" name="test_regression_short_url_redirects_work" time="0.444" /><testcase classname="tests.test_design_profile_features.TestDesignProfileFeatures" name="test_get_profiles_includes_design_fields" time="0.403" /><testcase classname="tests.test_design_profile_features.TestDesignProfileFeatures" name="test_update_profile_design_settings" time="0.530" /><testcase classname="tests.test_design_profile_features.TestDesignProfileFeatures" name="test_default_profile_design_in_master_url" time="0.654" /><testcase classname="tests.test_design_profile_features.TestAccountSettingsSlimmed" name="test_profile_endpoint_returns_email_and_slug" time="0.432" /><testcase classname="tests.test_design_profile_features.TestAccountSettingsSlimmed" name="test_change_password_endpoint_exists" time="0.405" /></testsuite></testsuites>