<?xml version="1.0" encoding="utf-8"?><testsuites name="pytest tests"><testsuite name="pytest" errors="0" failures="0" skipped="0" tests="11" time="1.372" timestamp="2026-05-14T21:13:59.683739+00:00" hostname="agent-env-4f147982-4c64-4d10-b951-3f07cb71b633"><testcase classname="tests.test_analytics_requesters_filters.TestRequestersEndpoint" name="test_requesters_no_params" time="0.490" /><testcase classname="tests.test_analytics_requesters_filters.TestRequestersEndpoint" name="test_requesters_with_bogus_profile_id" time="0.059" /><testcase classname="tests.test_analytics_requesters_filters.TestRequestersEndpoint" name="test_requesters_with_bogus_event_id" time="0.103" /><testcase classname="tests.test_analytics_requesters_filters.TestRequestersEndpoint" name="test_requesters_with_real_profile_id" time="0.113" /><testcase classname="tests.test_analytics_requesters_filters.TestRequestersEndpoint" name="test_requesters_with_real_event_id" time="0.137" /><testcase classname="tests.test_analytics_requesters_filters.TestRequestersEndpoint" name="test_requesters_excludes_archived" time="0.074" /><testcase classname="tests.test_analytics_requesters_filters.TestExportRequestersEndpoint" name="test_export_no_params" time="0.055" /><testcase classname="tests.test_analytics_requesters_filters.TestExportRequestersEndpoint" name="test_export_with_profile_id" time="0.054" /><testcase classname="tests.test_analytics_requesters_filters.TestExportRequestersEndpoint" name="test_export_with_event_id" time="0.054" /><testcase classname="tests.test_analytics_requesters_filters.TestExportRequestersEndpoint" name="test_export_event_takes_precedence_over_profile_in_filename" time="0.052" /><testcase classname="tests.test_analytics_requesters_filters.TestExportRequestersEndpoint" name="test_export_csv_has_header_row" time="0.050" /></testsuite></testsuites>