<?xml version="1.0" encoding="utf-8"?><testsuites name="pytest tests"><testsuite name="pytest" errors="0" failures="0" skipped="0" tests="12" time="3.967" timestamp="2026-05-15T21:54:26.627479+00:00" hostname="agent-env-4f147982-4c64-4d10-b951-3f07cb71b633"><testcase classname="tests.test_export_requesters_show_filter.TestCsvShape" name="test_header_is_exactly_three_columns" time="0.511" /><testcase classname="tests.test_export_requesters_show_filter.TestCsvShape" name="test_no_legacy_columns_anywhere" time="0.073" /><testcase classname="tests.test_export_requesters_show_filter.TestCsvShape" name="test_data_rows_have_three_fields" time="0.066" /><testcase classname="tests.test_export_requesters_show_filter.TestCsvShape" name="test_filename_no_filter" time="0.078" /><testcase classname="tests.test_export_requesters_show_filter.TestShowIdFilter" name="test_filename_has_show_suffix" time="0.168" /><testcase classname="tests.test_export_requesters_show_filter.TestShowIdFilter" name="test_all_rows_belong_to_filtered_show" time="0.321" /><testcase classname="tests.test_export_requesters_show_filter.TestEmailValidation" name="test_valid_email_present_invalid_absent" time="1.900" /><testcase classname="tests.test_export_requesters_show_filter.TestEmailValidation" name="test_regex_directly" time="0.287" /><testcase classname="tests.test_export_requesters_show_filter.TestShowNameResolution" name="test_show_name_matches_show_doc" time="0.082" /><testcase classname="tests.test_export_requesters_show_filter.TestFilterCoexistence" name="test_profile_and_show_filename_uses_show_suffix" time="0.070" /><testcase classname="tests.test_export_requesters_show_filter.TestFilterCoexistence" name="test_intersection_results_subset" time="0.202" /><testcase classname="tests.test_export_requesters_show_filter.TestFilterCoexistence" name="test_bogus_show_id_returns_empty_body" time="0.065" /></testsuite></testsuites>