<?xml version="1.0" encoding="utf-8"?><testsuites name="pytest tests"><testsuite name="pytest" errors="0" failures="0" skipped="0" tests="7" time="7.775" timestamp="2026-07-02T20:53:44.781727+00:00" hostname="agent-env-e5d88bce-7b3c-401a-8df7-f5c8942430bb"><testcase classname="tests.test_audience_songs_visibility.TestDefaultProfileSeed" name="test_new_musician_default_profile_active_playlist_ids_is_all" time="0.912" /><testcase classname="tests.test_audience_songs_visibility.TestNewMusicianAudienceSongs" name="test_new_musician_songs_visible_after_add" time="1.130" /><testcase classname="tests.test_audience_songs_visibility.TestLegacyEmptyActiveIds" name="test_empty_active_ids_returns_all_non_hidden_songs" time="1.102" /><testcase classname="tests.test_audience_songs_visibility.TestSelectedModeShow" name="test_selected_mode_with_no_enabled_playlists_returns_empty" time="1.194" /><testcase classname="tests.test_audience_songs_visibility.TestSelectedModeShow" name="test_selected_mode_with_playlist_restricts_songs" time="1.192" /><testcase classname="tests.test_audience_songs_visibility.TestHiddenSongsExcluded" name="test_hidden_song_not_in_audience_endpoint" time="1.142" /><testcase classname="tests.test_audience_songs_visibility.TestExistingMusicianRegression" name="test_existing_test_musician_songs_visible" time="0.886" /></testsuite></testsuites>