<?xml version="1.0" encoding="utf-8"?><testsuites name="pytest tests"><testsuite name="pytest" errors="0" failures="0" skipped="0" tests="10" time="3.789" timestamp="2026-05-16T03:37:38.354460+00:00" hostname="agent-env-2920c255-5c68-4fc1-8f12-903bfa9f44c8"><testcase classname="tests.test_learn_later_bookmark" name="test_get_songs_includes_in_learn_later_field" time="0.553" /><testcase classname="tests.test_learn_later_bookmark" name="test_toggle_requires_auth" time="0.115" /><testcase classname="tests.test_learn_later_bookmark" name="test_toggle_response_shape" time="0.243" /><testcase classname="tests.test_learn_later_bookmark" name="test_toggle_is_idempotent_flip" time="0.432" /><testcase classname="tests.test_learn_later_bookmark" name="test_toggle_persists_in_get_songs" time="0.369" /><testcase classname="tests.test_learn_later_bookmark" name="test_toggle_unknown_song_returns_404" time="0.092" /><testcase classname="tests.test_learn_later_bookmark" name="test_only_one_learn_later_playlist" time="0.388" /><testcase classname="tests.test_learn_later_bookmark" name="test_toggle_does_not_modify_other_playlists" time="0.404" /><testcase classname="tests.test_learn_later_bookmark" name="test_public_songs_does_not_expose_learn_later" time="0.531" /><testcase classname="tests.test_learn_later_bookmark" name="test_toggle_foreign_song_returns_404" time="0.527" /></testsuite></testsuites>