<?xml version="1.0" encoding="utf-8"?><testsuites name="pytest tests"><testsuite name="pytest" errors="0" failures="0" skipped="0" tests="16" time="4.723" timestamp="2026-05-07T12:09:25.933471+00:00" hostname="agent-env-6801f130-e314-46dc-9b5d-b93da2bf1999"><testcase classname="tests.test_sprint1_profile_features.TestProfileNewFields" name="test_create_profile_with_all_new_fields" time="0.819" /><testcase classname="tests.test_sprint1_profile_features.TestProfileNewFields" name="test_update_profile_override_fields" time="0.205" /><testcase classname="tests.test_sprint1_profile_features.TestIsDefaultProfile" name="test_first_profile_auto_default" time="0.104" /><testcase classname="tests.test_sprint1_profile_features.TestIsDefaultProfile" name="test_set_default_button_works" time="0.479" /><testcase classname="tests.test_sprint1_profile_features.TestIsDefaultProfile" name="test_cannot_delete_default_profile" time="0.228" /><testcase classname="tests.test_sprint1_profile_features.TestAllSongsPlaylist" name="test_all_songs_sentinel_returns_full_library" time="0.331" /><testcase classname="tests.test_sprint1_profile_features.TestMasterURLResolution" name="test_master_url_returns_default_profile_data" time="0.198" /><testcase classname="tests.test_sprint1_profile_features.TestMasterURLResolution" name="test_master_url_returns_all_songs_via_default_profile" time="0.106" /><testcase classname="tests.test_sprint1_profile_features.TestProfileOverrideLogic" name="test_musician_name_override" time="0.322" /><testcase classname="tests.test_sprint1_profile_features.TestProfileOverrideLogic" name="test_payment_info_override" time="0.334" /><testcase classname="tests.test_sprint1_profile_features.TestRegressionExistingRoutes" name="test_existing_musician_slug_route" time="0.118" /><testcase classname="tests.test_sprint1_profile_features.TestRegressionExistingRoutes" name="test_existing_songs_route" time="0.115" /><testcase classname="tests.test_sprint1_profile_features.TestRegressionExistingRoutes" name="test_profile_slug_route" time="0.204" /><testcase classname="tests.test_sprint1_profile_features.TestRegressionExistingRoutes" name="test_short_url_redirect_resolve" time="0.086" /><testcase classname="tests.test_sprint1_profile_features.TestRegressionExistingRoutes" name="test_404_for_unknown_slug" time="0.082" /><testcase classname="tests.test_sprint1_profile_features.TestCleanup" name="test_cleanup_test_profiles" time="0.865" /></testsuite></testsuites>