<?xml version="1.0" encoding="utf-8"?><testsuites name="pytest tests"><testsuite name="pytest" errors="0" failures="0" skipped="0" tests="14" time="2.283" timestamp="2026-05-16T14:07:04.601304+00:00" hostname="agent-env-2920c255-5c68-4fc1-8f12-903bfa9f44c8"><testcase classname="tests.test_unassigned_requests.TestGetUnassignedRequests" name="test_requires_auth" time="0.220" /><testcase classname="tests.test_unassigned_requests.TestGetUnassignedRequests" name="test_returns_orphan_request" time="0.431" /><testcase classname="tests.test_unassigned_requests.TestGetUnassignedRequests" name="test_excludes_archived" time="0.112" /><testcase classname="tests.test_unassigned_requests.TestGetUnassignedRequests" name="test_excludes_assigned" time="0.096" /><testcase classname="tests.test_unassigned_requests.TestGetUnassignedRequests" name="test_sorted_desc_by_created_at" time="0.093" /><testcase classname="tests.test_unassigned_requests.TestGetUnassignedRequests" name="test_scoped_to_current_musician" time="0.101" /><testcase classname="tests.test_unassigned_requests.TestAssignShowEndpoint" name="test_requires_auth" time="0.122" /><testcase classname="tests.test_unassigned_requests.TestAssignShowEndpoint" name="test_assigns_show_id_and_show_name" time="0.228" /><testcase classname="tests.test_unassigned_requests.TestAssignShowEndpoint" name="test_missing_show_id_returns_400" time="0.089" /><testcase classname="tests.test_unassigned_requests.TestAssignShowEndpoint" name="test_request_not_found_returns_404" time="0.119" /><testcase classname="tests.test_unassigned_requests.TestAssignShowEndpoint" name="test_show_not_found_returns_404" time="0.117" /><testcase classname="tests.test_unassigned_requests.TestAssignShowEndpoint" name="test_cross_musician_returns_404" time="0.096" /><testcase classname="tests.test_unassigned_requests.TestReusedEndpoints" name="test_archive_orphan" time="0.204" /><testcase classname="tests.test_unassigned_requests.TestReusedEndpoints" name="test_delete_orphan" time="0.108" /></testsuite></testsuites>