<?xml version="1.0" encoding="utf-8"?><testsuites name="pytest tests"><testsuite name="pytest" errors="0" failures="8" skipped="0" tests="20" time="2.260" timestamp="2026-01-15T18:31:11.638324+00:00" hostname="agent-env-41814a11-3082-4099-bd15-bbf8d2eb347a"><testcase classname="tests.test_requestwave_fixes.TestAuth" name="test_login_success" time="0.300" /><testcase classname="tests.test_requestwave_fixes.TestAnalyticsPeriodFilters" name="test_analytics_all_time_no_days_param" time="0.281"><failure message="AssertionError: assert 'total_requests' in {'daily_stats': [{'date': '2026-01-15', 'request_count': 10, 'tip_total': 0.0, 'unique_requesters': 10}], 'period': 'All time', 'top_requesters': [{'count': 1, 'requester': 'John Doe (JOHN.DOE@Example.COM)'}, {'count': 1, 'requester': 'Jane Smith (  Jane.Smith@Test.ORG  )'}, {'count': 1, 'requester': 'Test User (  TEST.USER@Example.COM  )'}, {'count': 1, 'requester': 'Flag Off Test (flagoff@test.com)'}, {'count': 1, 'requester': 'Flag On Test (flagon@test.com)'}, {'count': 1, 'requester': 'Suggestion Tester (  SUGGEST.TEST@Example.COM  )'}, ...], 'top_songs': [{'count': 10, 'song': 'Test Song - Test Artist'}], ...}">tests/test_requestwave_fixes.py:80: in test_analytics_all_time_no_days_param
    assert "total_requests" in data
E   AssertionError: assert 'total_requests' in {'daily_stats': [{'date': '2026-01-15', 'request_count': 10, 'tip_total': 0.0, 'unique_requesters': 10}], 'period': 'All time', 'top_requesters': [{'count': 1, 'requester': 'John Doe (JOHN.DOE@Example.COM)'}, {'count': 1, 'requester': 'Jane Smith (  Jane.Smith@Test.ORG  )'}, {'count': 1, 'requester': 'Test User (  TEST.USER@Example.COM  )'}, {'count': 1, 'requester': 'Flag Off Test (flagoff@test.com)'}, {'count': 1, 'requester': 'Flag On Test (flagon@test.com)'}, {'count': 1, 'requester': 'Suggestion Tester (  SUGGEST.TEST@Example.COM  )'}, ...], 'top_songs': [{'count': 10, 'song': 'Test Song - Test Artist'}], ...}</failure></testcase><testcase classname="tests.test_requestwave_fixes.TestAnalyticsPeriodFilters" name="test_analytics_all_time_days_zero" time="0.024"><failure message="AssertionError: assert 'total_requests' in {'daily_stats': [{'date': '2026-01-15', 'request_count': 10, 'tip_total': 0.0, 'unique_requesters': 10}], 'period': 'Last 0 days', 'top_requesters': [{'count': 1, 'requester': 'John Doe (JOHN.DOE@Example.COM)'}, {'count': 1, 'requester': 'Jane Smith (  Jane.Smith@Test.ORG  )'}, {'count': 1, 'requester': 'Test User (  TEST.USER@Example.COM  )'}, {'count': 1, 'requester': 'Flag Off Test (flagoff@test.com)'}, {'count': 1, 'requester': 'Flag On Test (flagon@test.com)'}, {'count': 1, 'requester': 'Suggestion Tester (  SUGGEST.TEST@Example.COM  )'}, ...], 'top_songs': [{'count': 10, 'song': 'Test Song - Test Artist'}], ...}">tests/test_requestwave_fixes.py:89: in test_analytics_all_time_days_zero
    assert "total_requests" in data
E   AssertionError: assert 'total_requests' in {'daily_stats': [{'date': '2026-01-15', 'request_count': 10, 'tip_total': 0.0, 'unique_requesters': 10}], 'period': 'Last 0 days', 'top_requesters': [{'count': 1, 'requester': 'John Doe (JOHN.DOE@Example.COM)'}, {'count': 1, 'requester': 'Jane Smith (  Jane.Smith@Test.ORG  )'}, {'count': 1, 'requester': 'Test User (  TEST.USER@Example.COM  )'}, {'count': 1, 'requester': 'Flag Off Test (flagoff@test.com)'}, {'count': 1, 'requester': 'Flag On Test (flagon@test.com)'}, {'count': 1, 'requester': 'Suggestion Tester (  SUGGEST.TEST@Example.COM  )'}, ...], 'top_songs': [{'count': 10, 'song': 'Test Song - Test Artist'}], ...}</failure></testcase><testcase classname="tests.test_requestwave_fixes.TestAnalyticsPeriodFilters" name="test_analytics_today" time="0.030"><failure message="AssertionError: assert 'total_requests' in {'daily_stats': [{'date': '2026-01-15', 'request_count': 4, 'tip_total': 0.0, 'unique_requesters': 4}], 'period': 'Last 1 days', 'top_requesters': [{'count': 1, 'requester': 'Auto Show Tester (autoshow@test.com)'}, {'count': 1, 'requester': 'Auto Show Tester (autoshow2@test.com)'}, {'count': 1, 'requester': 'UTC Test User (utctest@test.com)'}, {'count': 1, 'requester': 'Regression Tester (regression@test.com)'}], 'top_songs': [{'count': 4, 'song': 'Test Song - Test Artist'}], ...}">tests/test_requestwave_fixes.py:97: in test_analytics_today
    assert "total_requests" in data
E   AssertionError: assert 'total_requests' in {'daily_stats': [{'date': '2026-01-15', 'request_count': 4, 'tip_total': 0.0, 'unique_requesters': 4}], 'period': 'Last 1 days', 'top_requesters': [{'count': 1, 'requester': 'Auto Show Tester (autoshow@test.com)'}, {'count': 1, 'requester': 'Auto Show Tester (autoshow2@test.com)'}, {'count': 1, 'requester': 'UTC Test User (utctest@test.com)'}, {'count': 1, 'requester': 'Regression Tester (regression@test.com)'}], 'top_songs': [{'count': 4, 'song': 'Test Song - Test Artist'}], ...}</failure></testcase><testcase classname="tests.test_requestwave_fixes.TestAnalyticsPeriodFilters" name="test_analytics_7_days" time="0.024"><failure message="AssertionError: assert 'total_requests' in {'daily_stats': [{'date': '2026-01-15', 'request_count': 10, 'tip_total': 0.0, 'unique_requesters': 10}], 'period': 'Last 7 days', 'top_requesters': [{'count': 1, 'requester': 'John Doe (JOHN.DOE@Example.COM)'}, {'count': 1, 'requester': 'Jane Smith (  Jane.Smith@Test.ORG  )'}, {'count': 1, 'requester': 'Test User (  TEST.USER@Example.COM  )'}, {'count': 1, 'requester': 'Flag Off Test (flagoff@test.com)'}, {'count': 1, 'requester': 'Flag On Test (flagon@test.com)'}, {'count': 1, 'requester': 'Suggestion Tester (  SUGGEST.TEST@Example.COM  )'}, ...], 'top_songs': [{'count': 10, 'song': 'Test Song - Test Artist'}], ...}">tests/test_requestwave_fixes.py:105: in test_analytics_7_days
    assert "total_requests" in data
E   AssertionError: assert 'total_requests' in {'daily_stats': [{'date': '2026-01-15', 'request_count': 10, 'tip_total': 0.0, 'unique_requesters': 10}], 'period': 'Last 7 days', 'top_requesters': [{'count': 1, 'requester': 'John Doe (JOHN.DOE@Example.COM)'}, {'count': 1, 'requester': 'Jane Smith (  Jane.Smith@Test.ORG  )'}, {'count': 1, 'requester': 'Test User (  TEST.USER@Example.COM  )'}, {'count': 1, 'requester': 'Flag Off Test (flagoff@test.com)'}, {'count': 1, 'requester': 'Flag On Test (flagon@test.com)'}, {'count': 1, 'requester': 'Suggestion Tester (  SUGGEST.TEST@Example.COM  )'}, ...], 'top_songs': [{'count': 10, 'song': 'Test Song - Test Artist'}], ...}</failure></testcase><testcase classname="tests.test_requestwave_fixes.TestAnalyticsPeriodFilters" name="test_analytics_30_days" time="0.035"><failure message="AssertionError: assert 'total_requests' in {'daily_stats': [{'date': '2026-01-15', 'request_count': 10, 'tip_total': 0.0, 'unique_requesters': 10}], 'period': 'Last 30 days', 'top_requesters': [{'count': 1, 'requester': 'John Doe (JOHN.DOE@Example.COM)'}, {'count': 1, 'requester': 'Jane Smith (  Jane.Smith@Test.ORG  )'}, {'count': 1, 'requester': 'Test User (  TEST.USER@Example.COM  )'}, {'count': 1, 'requester': 'Flag Off Test (flagoff@test.com)'}, {'count': 1, 'requester': 'Flag On Test (flagon@test.com)'}, {'count': 1, 'requester': 'Suggestion Tester (  SUGGEST.TEST@Example.COM  )'}, ...], 'top_songs': [{'count': 10, 'song': 'Test Song - Test Artist'}], ...}">tests/test_requestwave_fixes.py:113: in test_analytics_30_days
    assert "total_requests" in data
E   AssertionError: assert 'total_requests' in {'daily_stats': [{'date': '2026-01-15', 'request_count': 10, 'tip_total': 0.0, 'unique_requesters': 10}], 'period': 'Last 30 days', 'top_requesters': [{'count': 1, 'requester': 'John Doe (JOHN.DOE@Example.COM)'}, {'count': 1, 'requester': 'Jane Smith (  Jane.Smith@Test.ORG  )'}, {'count': 1, 'requester': 'Test User (  TEST.USER@Example.COM  )'}, {'count': 1, 'requester': 'Flag Off Test (flagoff@test.com)'}, {'count': 1, 'requester': 'Flag On Test (flagon@test.com)'}, {'count': 1, 'requester': 'Suggestion Tester (  SUGGEST.TEST@Example.COM  )'}, ...], 'top_songs': [{'count': 10, 'song': 'Test Song - Test Artist'}], ...}</failure></testcase><testcase classname="tests.test_requestwave_fixes.TestAnalyticsPeriodFilters" name="test_analytics_365_days" time="0.020"><failure message="AssertionError: assert 'total_requests' in {'daily_stats': [{'date': '2026-01-15', 'request_count': 10, 'tip_total': 0.0, 'unique_requesters': 10}], 'period': 'Last 365 days', 'top_requesters': [{'count': 1, 'requester': 'John Doe (JOHN.DOE@Example.COM)'}, {'count': 1, 'requester': 'Jane Smith (  Jane.Smith@Test.ORG  )'}, {'count': 1, 'requester': 'Test User (  TEST.USER@Example.COM  )'}, {'count': 1, 'requester': 'Flag Off Test (flagoff@test.com)'}, {'count': 1, 'requester': 'Flag On Test (flagon@test.com)'}, {'count': 1, 'requester': 'Suggestion Tester (  SUGGEST.TEST@Example.COM  )'}, ...], 'top_songs': [{'count': 10, 'song': 'Test Song - Test Artist'}], ...}">tests/test_requestwave_fixes.py:121: in test_analytics_365_days
    assert "total_requests" in data
E   AssertionError: assert 'total_requests' in {'daily_stats': [{'date': '2026-01-15', 'request_count': 10, 'tip_total': 0.0, 'unique_requesters': 10}], 'period': 'Last 365 days', 'top_requesters': [{'count': 1, 'requester': 'John Doe (JOHN.DOE@Example.COM)'}, {'count': 1, 'requester': 'Jane Smith (  Jane.Smith@Test.ORG  )'}, {'count': 1, 'requester': 'Test User (  TEST.USER@Example.COM  )'}, {'count': 1, 'requester': 'Flag Off Test (flagoff@test.com)'}, {'count': 1, 'requester': 'Flag On Test (flagon@test.com)'}, {'count': 1, 'requester': 'Suggestion Tester (  SUGGEST.TEST@Example.COM  )'}, ...], 'top_songs': [{'count': 10, 'song': 'Test Song - Test Artist'}], ...}</failure></testcase><testcase classname="tests.test_requestwave_fixes.TestAnalyticsPeriodFilters" name="test_analytics_period_filter_logic" time="0.043" /><testcase classname="tests.test_requestwave_fixes.TestLearnLaterActions" name="test_get_song_suggestions" time="0.270" /><testcase classname="tests.test_requestwave_fixes.TestLearnLaterActions" name="test_update_suggestion_status_to_learn_later" time="0.273" /><testcase classname="tests.test_requestwave_fixes.TestLearnLaterActions" name="test_add_suggestion_to_repertoire" time="0.018" /><testcase classname="tests.test_requestwave_fixes.TestLearnLaterActions" name="test_delete_suggestion" time="0.019" /><testcase classname="tests.test_requestwave_fixes.TestOnStageScope" name="test_get_current_show" time="0.313" /><testcase classname="tests.test_requestwave_fixes.TestOnStageScope" name="test_get_shows_list" time="0.021" /><testcase classname="tests.test_requestwave_fixes.TestOnStageScope" name="test_get_grouped_requests" time="0.020" /><testcase classname="tests.test_requestwave_fixes.TestOnStageScope" name="test_start_and_stop_show" time="0.190" /><testcase classname="tests.test_requestwave_fixes.TestOnStageScope" name="test_requests_filtered_by_show_id" time="0.023"><failure message="AttributeError: 'list' object has no attribute 'get'">tests/test_requestwave_fixes.py:397: in test_requests_filtered_by_show_id
    requests_list = show_info.get("requests", [])
                    ^^^^^^^^^^^^^
E   AttributeError: 'list' object has no attribute 'get'</failure></testcase><testcase classname="tests.test_requestwave_fixes.TestHealthAndBasicEndpoints" name="test_health_endpoint" time="0.064" /><testcase classname="tests.test_requestwave_fixes.TestHealthAndBasicEndpoints" name="test_songs_endpoint" time="0.017" /><testcase classname="tests.test_requestwave_fixes.TestHealthAndBasicEndpoints" name="test_public_musician_endpoint" time="0.020"><failure message="assert 404 == 200&#10; +  where 404 = &lt;Response [404]&gt;.status_code">tests/test_requestwave_fixes.py:426: in test_public_musician_endpoint
    assert response.status_code == 200
E   assert 404 == 200
E    +  where 404 = &lt;Response [404]&gt;.status_code</failure></testcase></testsuite></testsuites>