<?xml version="1.0" encoding="utf-8"?><testsuites name="pytest tests"><testsuite name="pytest" errors="0" failures="0" skipped="0" tests="17" time="4.165" timestamp="2026-05-16T03:12:25.306660+00:00" hostname="agent-env-2920c255-5c68-4fc1-8f12-903bfa9f44c8"><testcase classname="tests.test_show_analytics_dashboard.TestShowDetailAuth" name="test_requires_auth" time="0.206" /><testcase classname="tests.test_show_analytics_dashboard.TestShowDetailAuth" name="test_invalid_show_id_returns_404" time="0.378" /><testcase classname="tests.test_show_analytics_dashboard.TestShowDetailStructure" name="test_returns_full_structure" time="0.119" /><testcase classname="tests.test_show_analytics_dashboard.TestShowDetailStructure" name="test_top_songs_sorted_desc_and_capped_at_5" time="1.076" /><testcase classname="tests.test_show_analytics_dashboard.TestShowDetailStructure" name="test_top_tippers_sorted_desc_and_capped_at_5" time="0.053" /><testcase classname="tests.test_show_analytics_dashboard.TestShowDetailStructure" name="test_email_capture_rate_math" time="0.049" /><testcase classname="tests.test_show_analytics_dashboard.TestShowDetailStructure" name="test_click_through_rate_math" time="0.055" /><testcase classname="tests.test_show_analytics_dashboard.TestShowDetailStructure" name="test_tip_revenue_non_negative" time="0.050" /><testcase classname="tests.test_show_analytics_dashboard.TestShowDetailStructure" name="test_repeat_requesters_shape" time="1.416" /><testcase classname="tests.test_show_analytics_dashboard.TestShowTrendsAuth" name="test_requires_auth" time="0.109" /><testcase classname="tests.test_show_analytics_dashboard.TestShowTrendsBehavior" name="test_valid_limits[5]" time="0.101" /><testcase classname="tests.test_show_analytics_dashboard.TestShowTrendsBehavior" name="test_valid_limits[10]" time="0.049" /><testcase classname="tests.test_show_analytics_dashboard.TestShowTrendsBehavior" name="test_valid_limits[20]" time="0.050" /><testcase classname="tests.test_show_analytics_dashboard.TestShowTrendsBehavior" name="test_invalid_limit_defaults_to_5" time="0.051" /><testcase classname="tests.test_show_analytics_dashboard.TestShowTrendsBehavior" name="test_shows_have_required_fields" time="0.051" /><testcase classname="tests.test_show_analytics_dashboard.TestShowTrendsBehavior" name="test_shows_sorted_oldest_to_newest" time="0.125" /><testcase classname="tests.test_show_analytics_dashboard.TestShowTrendsBehavior" name="test_unknown_profile_returns_empty" time="0.067" /></testsuite></testsuites>