<?xml version="1.0" encoding="utf-8"?><testsuites name="pytest tests"><testsuite name="pytest" errors="0" failures="0" skipped="0" tests="5" time="3.221" timestamp="2026-07-16T13:00:08.668186+00:00" hostname="agent-env-5fbc8e36-6620-4dff-8b10-67d48b109d3b"><testcase classname="tests.test_song_delete_playlist_cleanup" name="test_delete_song_removes_id_from_playlist" time="1.161" /><testcase classname="tests.test_song_delete_playlist_cleanup" name="test_put_playlist_songs_succeeds_after_song_delete" time="0.607" /><testcase classname="tests.test_song_delete_playlist_cleanup" name="test_delete_song_removes_from_multiple_playlists" time="1.151" /><testcase classname="tests.test_song_delete_playlist_cleanup" name="test_delete_song_not_in_any_playlist_ok" time="0.118" /><testcase classname="tests.test_song_delete_playlist_cleanup" name="test_delete_nonexistent_song_returns_404" time="0.060" /></testsuite></testsuites>